  functionScreen.cpp
C:\Users\NH\source\repos\CS162-Moodle-Project\cs162-moodle-project\CS162-Moodle-Project\functionScreen.h(6867,34): warning C4553: '==': result of expression not used; did you intend '='?
C:\Users\NH\source\repos\CS162-Moodle-Project\cs162-moodle-project\CS162-Moodle-Project\functionScreen.h(6982,80): warning C4101: 'choosenCourse': unreferenced local variable
  loginScreen.cpp
C:\Users\NH\source\repos\CS162-Moodle-Project\cs162-moodle-project\CS162-Moodle-Project\functionScreen.h(6867,34): warning C4553: '==': result of expression not used; did you intend '='?
C:\Users\NH\source\repos\CS162-Moodle-Project\cs162-moodle-project\CS162-Moodle-Project\functionScreen.h(6982,80): warning C4101: 'choosenCourse': unreferenced local variable
  main.cpp
C:\Users\NH\source\repos\CS162-Moodle-Project\cs162-moodle-project\CS162-Moodle-Project\functionScreen.h(6867,34): warning C4553: '==': result of expression not used; did you intend '='?
C:\Users\NH\source\repos\CS162-Moodle-Project\cs162-moodle-project\CS162-Moodle-Project\functionScreen.h(6982,80): warning C4101: 'choosenCourse': unreferenced local variable
  Generating Code...
C:\Users\NH\source\repos\CS162-Moodle-Project\cs162-moodle-project\CS162-Moodle-Project\functionScreen.h(5548): warning C4715: 'CS162MoodleProject::functionScreen::getWeekdayIndex': not all control paths return a value
C:\Users\NH\source\repos\CS162-Moodle-Project\cs162-moodle-project\CS162-Moodle-Project\functionScreen.h(5025): warning C4715: 'CS162MoodleProject::functionScreen::getMonthLetter': not all control paths return a value
C:\Users\NH\source\repos\CS162-Moodle-Project\cs162-moodle-project\CS162-Moodle-Project\functionScreen.h(5107): warning C4715: 'CS162MoodleProject::functionScreen::getSession': not all control paths return a value
C:\Users\NH\source\repos\CS162-Moodle-Project\cs162-moodle-project\CS162-Moodle-Project\functionScreen.h(5567): warning C4715: 'CS162MoodleProject::functionScreen::indexToWeekday': not all control paths return a value
C:\Users\NH\source\repos\CS162-Moodle-Project\cs162-moodle-project\CS162-Moodle-Project\functionScreen.h(7041): warning C4715: 'CS162MoodleProject::functionScreen::getFullDayFormat': not all control paths return a value
C:\Users\NH\source\repos\CS162-Moodle-Project\cs162-moodle-project\CS162-Moodle-Project\functionScreen.h(5548): warning C4715: 'CS162MoodleProject::functionScreen::getWeekdayIndex': not all control paths return a value
C:\Users\NH\source\repos\CS162-Moodle-Project\cs162-moodle-project\CS162-Moodle-Project\functionScreen.h(5025): warning C4715: 'CS162MoodleProject::functionScreen::getMonthLetter': not all control paths return a value
C:\Users\NH\source\repos\CS162-Moodle-Project\cs162-moodle-project\CS162-Moodle-Project\functionScreen.h(5107): warning C4715: 'CS162MoodleProject::functionScreen::getSession': not all control paths return a value
C:\Users\NH\source\repos\CS162-Moodle-Project\cs162-moodle-project\CS162-Moodle-Project\functionScreen.h(5567): warning C4715: 'CS162MoodleProject::functionScreen::indexToWeekday': not all control paths return a value
C:\Users\NH\source\repos\CS162-Moodle-Project\cs162-moodle-project\CS162-Moodle-Project\functionScreen.h(7041): warning C4715: 'CS162MoodleProject::functionScreen::getFullDayFormat': not all control paths return a value
C:\Users\NH\source\repos\CS162-Moodle-Project\cs162-moodle-project\CS162-Moodle-Project\functionScreen.h(5548): warning C4715: 'CS162MoodleProject::functionScreen::getWeekdayIndex': not all control paths return a value
C:\Users\NH\source\repos\CS162-Moodle-Project\cs162-moodle-project\CS162-Moodle-Project\functionScreen.h(5025): warning C4715: 'CS162MoodleProject::functionScreen::getMonthLetter': not all control paths return a value
C:\Users\NH\source\repos\CS162-Moodle-Project\cs162-moodle-project\CS162-Moodle-Project\functionScreen.h(5107): warning C4715: 'CS162MoodleProject::functionScreen::getSession': not all control paths return a value
C:\Users\NH\source\repos\CS162-Moodle-Project\cs162-moodle-project\CS162-Moodle-Project\functionScreen.h(5567): warning C4715: 'CS162MoodleProject::functionScreen::indexToWeekday': not all control paths return a value
C:\Users\NH\source\repos\CS162-Moodle-Project\cs162-moodle-project\CS162-Moodle-Project\functionScreen.h(7041): warning C4715: 'CS162MoodleProject::functionScreen::getFullDayFormat': not all control paths return a value
  allRole.obj : MSIL module encountered; incremental linking is disabled for MSIL; performing full link
  CS162-Moodle-Project.vcxproj -> C:\Users\NH\source\repos\CS162-Moodle-Project\cs162-moodle-project\x64\Release\CS162-Moodle-Project.exe
